<?xml version="1.0" encoding="UTF-8"?>
<testng-results skipped="0" failed="0" ignored="0" total="1" passed="1">
  <reporter-output>
  </reporter-output>
  <suite name="Surefire suite" duration-ms="92" started-at="2021-11-29T19:23:31Z" finished-at="2021-11-29T19:23:32Z">
    <groups>
    </groups>
    <test name="Surefire test" duration-ms="92" started-at="2021-11-29T19:23:31Z" finished-at="2021-11-29T19:23:32Z">
      <class name="com.xcart.AppTest">
        <test-method status="PASS" signature="shouldAnswerWithTrue()" name="shouldAnswerWithTrue" duration-ms="10" started-at="2021-11-29T19:23:32Z" finished-at="2021-11-29T19:23:32Z">
          <reporter-output>
          </reporter-output>
        </test-method> <!-- shouldAnswerWithTrue -->
      </class> <!-- com.xcart.AppTest -->
    </test> <!-- Surefire test -->
  </suite> <!-- Surefire suite -->
</testng-results>
