<?xml version="1.0" encoding="UTF-8"?>
<testng-results skipped="0" failed="0" ignored="0" total="1" passed="1">
  <reporter-output>
  </reporter-output>
  <suite name="Surefire suite" duration-ms="12373" started-at="2021-11-29T19:23:19Z" finished-at="2021-11-29T19:23:31Z">
    <groups>
    </groups>
    <test name="Surefire test" duration-ms="12373" started-at="2021-11-29T19:23:19Z" finished-at="2021-11-29T19:23:31Z">
      <class name="com.xcart.testsuit.TopMenuTest">
        <test-method status="PASS" signature="setUp()[pri:0, instance:com.xcart.testsuit.TopMenuTest@685cb137]" name="setUp" is-config="true" duration-ms="12122" started-at="2021-11-29T19:23:19Z" finished-at="2021-11-29T19:23:31Z">
          <reporter-output>
          </reporter-output>
        </test-method> <!-- setUp -->
        <test-method status="PASS" signature="varifyProdcutArrangeInAlphaBaticalOrder()[pri:0, instance:com.xcart.testsuit.TopMenuTest@685cb137]" name="varifyProdcutArrangeInAlphaBaticalOrder" duration-ms="2" started-at="2021-11-29T19:23:31Z" finished-at="2021-11-29T19:23:31Z">
          <reporter-output>
          </reporter-output>
        </test-method> <!-- varifyProdcutArrangeInAlphaBaticalOrder -->
        <test-method status="PASS" signature="tearDown()[pri:0, instance:com.xcart.testsuit.TopMenuTest@685cb137]" name="tearDown" is-config="true" duration-ms="199" started-at="2021-11-29T19:23:31Z" finished-at="2021-11-29T19:23:31Z">
          <reporter-output>
          </reporter-output>
        </test-method> <!-- tearDown -->
      </class> <!-- com.xcart.testsuit.TopMenuTest -->
    </test> <!-- Surefire test -->
  </suite> <!-- Surefire suite -->
</testng-results>
